ENV_VARS
	env_cmd_param.c 		--> 3
	env_redirections.c 		--> 4

GET 
	get_cmd.c 				--> 2
	get_flags.c				 --> 1
	get_input.c				--> 5 (full)
	get_output.c			--> 5 (full)
	get_parameters.c		--> 1

SRC 
	parser.c 				--> 2

STRUCT 
	fill_next_struct.c		 --> 3
	free_stuff.c	 		--> 2
	init_strcut.c 			--> 1

UTILS 
	utilities_1.c			--> 5 (full)
	utilities_2.c			--> 5 (full)
	utilities_3.c			--> 5 (full)
	utilities_4.c			--> 4

test print template
	printf("%s%s:%s %s\n", BY, __func__, W, str);

	echo a "hola mundo adios" hello world